2023-01-19 15:20:29,587 DEBUG com.springbootstarterch0204logging.demo.SpringbootstarterCh0204LoggingApplication [restartedMain] org.springframework.boot.autoconfigure.internalCachingMetadataReaderFactory
2023-01-19 15:20:29,588 DEBUG com.springbootstarterch0204logging.demo.SpringbootstarterCh0204LoggingApplication [restartedMain] org.springframework.boot.autoconfigure.jmx.JmxAutoConfiguration
2023-01-19 15:20:29,588 DEBUG com.springbootstarterch0204logging.demo.SpringbootstarterCh0204LoggingApplication [restartedMain] org.springframework.boot.autoconfigure.sql.init.SqlInitializationAutoConfiguration
2023-01-19 15:20:29,588 DEBUG com.springbootstarterch0204logging.demo.SpringbootstarterCh0204LoggingApplication [restartedMain] org.springframework.boot.autoconfigure.task.TaskExecutionAutoConfiguration
2023-01-19 15:20:29,588 DEBUG com.springbootstarterch0204logging.demo.SpringbootstarterCh0204LoggingApplication [restartedMain] org.springframework.boot.autoconfigure.task.TaskSchedulingAutoConfiguration
2023-01-19 15:20:29,588 DEBUG com.springbootstarterch0204logging.demo.SpringbootstarterCh0204LoggingApplication [restartedMain] org.springframework.boot.context.internalConfigurationPropertiesBinder
2023-01-19 15:20:29,588 DEBUG com.springbootstarterch0204logging.demo.SpringbootstarterCh0204LoggingApplication [restartedMain] org.springframework.boot.context.internalConfigurationPropertiesBinderFactory
2023-01-19 15:20:29,588 DEBUG com.springbootstarterch0204logging.demo.SpringbootstarterCh0204LoggingApplication [restartedMain] org.springframework.boot.context.properties.BoundConfigurationProperties
2023-01-19 15:20:29,588 DEBUG com.springbootstarterch0204logging.demo.SpringbootstarterCh0204LoggingApplication [restartedMain] org.springframework.boot.context.properties.ConfigurationPropertiesBindingPostProcessor
2023-01-19 15:20:29,588 DEBUG com.springbootstarterch0204logging.demo.SpringbootstarterCh0204LoggingApplication [restartedMain] org.springframework.boot.context.properties.EnableConfigurationPropertiesRegistrar.methodValidationExcludeFilter
2023-01-19 15:20:29,588 DEBUG com.springbootstarterch0204logging.demo.SpringbootstarterCh0204LoggingApplication [restartedMain] org.springframework.boot.devtools.autoconfigure.LocalDevToolsAutoConfiguration
2023-01-19 15:20:29,588 DEBUG com.springbootstarterch0204logging.demo.SpringbootstarterCh0204LoggingApplication [restartedMain] org.springframework.boot.devtools.autoconfigure.LocalDevToolsAutoConfiguration$LiveReloadConfiguration
2023-01-19 15:20:29,588 DEBUG com.springbootstarterch0204logging.demo.SpringbootstarterCh0204LoggingApplication [restartedMain] org.springframework.boot.devtools.autoconfigure.LocalDevToolsAutoConfiguration$RestartConfiguration
2023-01-19 15:20:29,588 DEBUG com.springbootstarterch0204logging.demo.SpringbootstarterCh0204LoggingApplication [restartedMain] org.springframework.boot.sql.init.dependency.DatabaseInitializationDependencyConfigurer$DependsOnDatabaseInitializationPostProcessor
2023-01-19 15:20:29,588 DEBUG com.springbootstarterch0204logging.demo.SpringbootstarterCh0204LoggingApplication [restartedMain] org.springframework.context.annotation.internalAutowiredAnnotationProcessor
2023-01-19 15:20:29,588 DEBUG com.springbootstarterch0204logging.demo.SpringbootstarterCh0204LoggingApplication [restartedMain] org.springframework.context.annotation.internalCommonAnnotationProcessor
2023-01-19 15:20:29,589 DEBUG com.springbootstarterch0204logging.demo.SpringbootstarterCh0204LoggingApplication [restartedMain] org.springframework.context.annotation.internalConfigurationAnnotationProcessor
2023-01-19 15:20:29,589 DEBUG com.springbootstarterch0204logging.demo.SpringbootstarterCh0204LoggingApplication [restartedMain] org.springframework.context.event.internalEventListenerFactory
2023-01-19 15:20:29,589 DEBUG com.springbootstarterch0204logging.demo.SpringbootstarterCh0204LoggingApplication [restartedMain] org.springframework.context.event.internalEventListenerProcessor
2023-01-19 15:20:29,589 DEBUG com.springbootstarterch0204logging.demo.SpringbootstarterCh0204LoggingApplication [restartedMain] propertySourcesPlaceholderConfigurer
2023-01-19 15:20:29,589 DEBUG com.springbootstarterch0204logging.demo.SpringbootstarterCh0204LoggingApplication [restartedMain] restartingClassPathChangedEventListener
2023-01-19 15:20:29,589 DEBUG com.springbootstarterch0204logging.demo.SpringbootstarterCh0204LoggingApplication [restartedMain] spring.devtools-org.springframework.boot.devtools.autoconfigure.DevToolsProperties
2023-01-19 15:20:29,589 DEBUG com.springbootstarterch0204logging.demo.SpringbootstarterCh0204LoggingApplication [restartedMain] spring.info-org.springframework.boot.autoconfigure.info.ProjectInfoProperties
2023-01-19 15:20:29,589 DEBUG com.springbootstarterch0204logging.demo.SpringbootstarterCh0204LoggingApplication [restartedMain] spring.jmx-org.springframework.boot.autoconfigure.jmx.JmxProperties
2023-01-19 15:20:29,589 DEBUG com.springbootstarterch0204logging.demo.SpringbootstarterCh0204LoggingApplication [restartedMain] spring.lifecycle-org.springframework.boot.autoconfigure.context.LifecycleProperties
2023-01-19 15:20:29,589 DEBUG com.springbootstarterch0204logging.demo.SpringbootstarterCh0204LoggingApplication [restartedMain] spring.sql.init-org.springframework.boot.autoconfigure.sql.init.SqlInitializationProperties
2023-01-19 15:20:29,589 DEBUG com.springbootstarterch0204logging.demo.SpringbootstarterCh0204LoggingApplication [restartedMain] spring.task.execution-org.springframework.boot.autoconfigure.task.TaskExecutionProperties
2023-01-19 15:20:29,589 DEBUG com.springbootstarterch0204logging.demo.SpringbootstarterCh0204LoggingApplication [restartedMain] spring.task.scheduling-org.springframework.boot.autoconfigure.task.TaskSchedulingProperties
2023-01-19 15:20:29,589 DEBUG com.springbootstarterch0204logging.demo.SpringbootstarterCh0204LoggingApplication [restartedMain] springApplicationAdminRegistrar
2023-01-19 15:20:29,589 DEBUG com.springbootstarterch0204logging.demo.SpringbootstarterCh0204LoggingApplication [restartedMain] springbootstarterCh0204LoggingApplication
2023-01-19 15:20:29,589 DEBUG com.springbootstarterch0204logging.demo.SpringbootstarterCh0204LoggingApplication [restartedMain] taskExecutorBuilder
2023-01-19 15:20:29,589 DEBUG com.springbootstarterch0204logging.demo.SpringbootstarterCh0204LoggingApplication [restartedMain] taskSchedulerBuilder
